This is pdfeTeXk, Version 3.141592-1.20a-2.2 (Web2c 7.5.3) (format=latex 2010.2.13)  2 AUG 2012 19:41
 Source specials enabled.
 %&-line parsing enabled.
**&latex VBASim.tex
(./VBASim.tex
LaTeX2e <2005/12/01>
(c:/Program Files (x86)/PCTeX/PCTeXv6/texmf-dist/tex/latex/base/book.cls
Document Class: book 2005/09/16 v1.4f Standard LaTeX document class
(c:/Program Files (x86)/PCTeX/PCTeXv6/texmf-dist/tex/latex/base/bk10.clo
File: bk10.clo 2005/09/16 v1.4f Standard LaTeX file (size option)
)
\c@part=\count79
\c@chapter=\count80
\c@section=\count81
\c@subsection=\count82
\c@subsubsection=\count83
\c@paragraph=\count84
\c@subparagraph=\count85
\c@figure=\count86
\c@table=\count87
\abovecaptionskip=\skip41
\belowcaptionskip=\skip42
\bibindent=\dimen102
)
(c:/Users/nelsonb/AppData/Roaming/PCTeX/latexmacro.tex)
(c:/Program Files (x86)/PCTeX/PCTeXv6/texmf-dist/tex/latex/graphics/graphicx.st
y
Package: graphicx 1999/02/16 v1.0f Enhanced LaTeX Graphics (DPC,SPQR)

(c:/Program Files (x86)/PCTeX/PCTeXv6/texmf-dist/tex/latex/graphics/keyval.sty
Package: keyval 1999/03/16 v1.13 key=value parser (DPC)
\KV@toks@=\toks14
)
(c:/Program Files (x86)/PCTeX/PCTeXv6/texmf-dist/tex/latex/graphics/graphics.st
y
Package: graphics 2006/02/20 v1.0o Standard LaTeX Graphics (DPC,SPQR)
 (c:/Program Files (x86)/PCTeX/PCTeXv6/texmf-dist/tex/latex/graphics/trig.sty
Package: trig 1999/03/16 v1.09 sin cos tan (DPC)
) (c:/PROGRA~2/PCTeX/PCTeXv6/texmf-pti/tex/latex/graphics.cfg)
Package graphics Info: Driver file: dvips.def on input line 90.

(c:/PROGRA~2/PCTeX/PCTeXv6/texmf-pti/tex/latex/graphics/dvips.def
File: dvips.def 1999/02/16 v3.0i Driver-dependant file (DPC,SPQR)
))
\Gin@req@height=\dimen103
\Gin@req@width=\dimen104
)
(./VBASim.aux)
\openout1 = `VBASim.aux'.

LaTeX Font Info:    Checking defaults for OML/cmm/m/it on input line 5.
LaTeX Font Info:    ... okay on input line 5.
LaTeX Font Info:    Checking defaults for T1/cmr/m/n on input line 5.
LaTeX Font Info:    ... okay on input line 5.
LaTeX Font Info:    Checking defaults for OT1/cmr/m/n on input line 5.
LaTeX Font Info:    ... okay on input line 5.
LaTeX Font Info:    Checking defaults for OMS/cmsy/m/n on input line 5.
LaTeX Font Info:    ... okay on input line 5.
LaTeX Font Info:    Checking defaults for OMX/cmex/m/n on input line 5.
LaTeX Font Info:    ... okay on input line 5.
LaTeX Font Info:    Checking defaults for U/cmr/m/n on input line 5.
LaTeX Font Info:    ... okay on input line 5.
\c@example=\count88

Chapter 4.

LaTeX Warning: Reference `ch:examples' on page 1 undefined on input line 23.


LaTeX Warning: Reference `app:VBASim' on page 1 undefined on input line 27.

LaTeX Font Info:    Font shape `OT1/cmtt/bx/n' in size <10> not available
(Font)              Font shape `OT1/cmtt/m/n' tried instead on input line 44.
[1


]
LaTeX Font Info:    External font `cmex10' loaded for size
(Font)              <7> on input line 91.
LaTeX Font Info:    External font `cmex10' loaded for size
(Font)              <5> on input line 91.


LaTeX Warning: Reference `ch:output' on page 2 undefined on input line 102.

LaTeX Font Info:    External font `cmex10' loaded for size
(Font)              <14.4> on input line 134.

LaTeX Warning: Reference `sec:mminf' on page 2 undefined on input line 149.

[2]

LaTeX Warning: Reference `ch:quick' on page 3 undefined on input line 172.

[3]
Overfull \hbox (88.62pt too wide) in paragraph at lines 231--250
[][][] 
 []


Overfull \hbox (88.62pt too wide) in paragraph at lines 256--310
[][][] 
 []


LaTeX Warning: Float too large for page by 4.13889pt on input line 312.

[4] [5]

LaTeX Warning: Reference `ch:input' on page 6 undefined on input line 382.


LaTeX Warning: Reference `sec:random.variates' on page 6 undefined on input lin
e 390.


LaTeX Warning: Reference `ch:input' on page 6 undefined on input line 401.


Overfull \hbox (1.49698pt too wide) in paragraph at lines 423--423
[]\OT1/cmtt/m/n/10 ' This function implements thinning to generate interarrival
 times[] 
 []


Overfull \hbox (6.74693pt too wide) in paragraph at lines 423--423
[]        \OT1/cmtt/m/n/10 (100 + 10 * VBA.Sin(3.141593 * PossibleArrival / 12)
) / 110[] 
 []


LaTeX Warning: Reference `ch:output' on page 6 undefined on input line 434.

[6]
File: mminfaverage.eps Graphic file (type eps)
 <mminfaverage.eps>

LaTeX Warning: Reference `ch:output' on page 7 undefined on input line 475.


Underfull \vbox (badness 1097) has occurred while \output is active []

 [7]
File: mminfmax.eps Graphic file (type eps)

<mminfmax.eps>

LaTeX Warning: Reference `sec:mminf' on page 8 undefined on input line 509.


LaTeX Warning: Reference `sec:mminf' on page 8 undefined on input line 514.


LaTeX Warning: Reference `sec:mminf' on page 8 undefined on input line 516.

[8]

LaTeX Warning: Reference `sec:mg1' on page 9 undefined on input line 540.


LaTeX Warning: Reference `eq:lindley' on page 9 undefined on input line 548.

[9]
LaTeX Font Info:    External font `cmex10' loaded for size
(Font)              <12> on input line 562.
LaTeX Font Info:    External font `cmex10' loaded for size
(Font)              <8> on input line 562.
LaTeX Font Info:    External font `cmex10' loaded for size
(Font)              <6> on input line 562.


LaTeX Warning: Reference `sec:mg1' on page 10 undefined on input line 573.

[10] [11]
Overfull \hbox (6.83382pt too wide) in paragraph at lines 658--673
[][]\OT1/cmr/m/n/10 Since the across-replication av-er-ages are i.i.d., and sin
ce each across-replication
 []


LaTeX Warning: Reference `ch:DandA' on page 12 undefined on input line 678.


Overfull \hbox (48.74657pt too wide) in paragraph at lines 738--738
[]\OT1/cmtt/m/n/10 Private Phases As Integer        ' number of phases in servi
ce distribution[] 
 []


Overfull \hbox (80.24629pt too wide) in paragraph at lines 738--738
[]\OT1/cmtt/m/n/10 Dim Wait As New DTStat              'discrete-time statistic
s on customer waiting[] 
 []


Overfull \hbox (10.55634pt too wide) in paragraph at lines 743--751
\OT1/cmr/m/n/10 pro-gram (Fig. 4.9[]), some event rou-tines (Fig. 4.10[]), an i
ni-tial-iza-tion sub (Fig. 4.11[]),
 []

LaTeX Font Info:    Try loading font information for OMS+cmr on input line 753.

(c:/Program Files (x86)/PCTeX/PCTeXv6/texmf-dist/tex/latex/base/omscmr.fd
File: omscmr.fd 1999/05/25 v2.5h Standard LaTeX font definitions
)
LaTeX Font Info:    Font shape `OMS/cmr/m/n' in size <10> not available
(Font)              Font shape `OMS/cmsy/m/n' tried instead on input line 753.

[12] [13] [14] [15] [16]
Underfull \vbox (badness 2142) has occurred while \output is active []

 [17]
Underfull \vbox (badness 1342) has occurred while \output is active []

 [18]

LaTeX Warning: Reference `sec:san' on page 19 undefined on input line 1128.

[19]

LaTeX Warning: Reference `sec:san' on page 20 undefined on input line 1148.


LaTeX Warning: Reference `eq:san.analytic' on page 20 undefined on input line 1
176.


LaTeX Warning: Reference `eq:san.analytic' on page 20 undefined on input line 1
197.


Overfull \hbox (32.9967pt too wide) in paragraph at lines 1236--1236
[]\OT1/cmtt/m/n/10 Dim N As Double, c As Double, tp As Double, Y As Double, The
ta As Double[] 
 []


Overfull \hbox (48.74657pt too wide) in paragraph at lines 1236--1236
[]    \OT1/cmtt/m/n/10 Y = WorksheetFunction.Max(X(1) + X(4), X(1) + X(3) + X(5
), X(2) + X(5))[] 
 []


Overfull \hbox (48.74657pt too wide) in paragraph at lines 1236--1236
[]        \OT1/cmtt/m/n/10 + (-tp ^ 2 / 2 - 3 * tp + 3) * VBA.Exp(-tp) + 1 - VB
A.Exp(-3 * tp))[] 
 []

[20] [21]

LaTeX Warning: Reference `sec:san' on page 22 undefined on input line 1251.


Underfull \hbox (badness 1286) in paragraph at lines 1291--1293
[][]\OT1/cmr/m/n/10 We de-fine a new class mod-ule \OT1/cmtt/m/n/10 Activity \O
T1/cmr/m/n/10 which has two prop-er-ties:
 []

[22]
Overfull \hbox (17.24684pt too wide) in paragraph at lines 1382--1382
[]\OT1/cmtt/m/n/10 ' Collection is a list of inbound or outbound activities to 
that node[] 
 []


Overfull \hbox (53.99652pt too wide) in paragraph at lines 1382--1382
[]\OT1/cmtt/m/n/10 Const a As Integer = 1, b As Integer = 2, c As Integer = 3, 
d As Integer = 4[] 
 []


Overfull \hbox (69.74638pt too wide) in paragraph at lines 1382--1382
[]    \OT1/cmtt/m/n/10 Call Milestone(0, a) ' causes outbound activities of nod
e a to be scheduled[] 
 []


Overfull \hbox (43.49661pt too wide) in paragraph at lines 1382--1382
[]        \OT1/cmtt/m/n/10 Call Milestone(ThisActivity.WhichActivity, ThisActiv
ity.WhichNode)[] 
 []

File: SANecdf.eps Graphic file (type eps)
<SANecdf.eps>

LaTeX Warning: Reference `eq:san.analytic' on page 23 undefined on input line 1
512.

[23] [24] [25] [26]

LaTeX Warning: Reference `sec:fe' on page 27 undefined on input line 1545.

[27]
Overfull \hbox (88.62pt too wide) in paragraph at lines 1590--1635
 [][] 
 []

File: AsianHistogram.eps Graphic file (type eps)
<AsianHistogram.eps> [28] [29]
Overfull \hbox (18.82077pt too wide) in paragraph at lines 1839--1839
[]\OT1/cmtt/m/n/9 Dim RegularWait As New DTStat       ' discrete-time statistic
s on fax waiting[] 
 []


Overfull \hbox (56.62033pt too wide) in paragraph at lines 1839--1839
[]\OT1/cmtt/m/n/9 Dim SpecialWait As New DTStat       ' discrete-time statistic
s on special fax waiting[] 
 []


Overfull \hbox (70.79517pt too wide) in paragraph at lines 1839--1839
[]\OT1/cmtt/m/n/9 Dim Regular10 As New DTStat         ' discrete-time statistic
s on < 10 minutes threshold[] 
 []


Overfull \hbox (70.79517pt too wide) in paragraph at lines 1839--1839
[]\OT1/cmtt/m/n/9 Dim Special10 As New DTStat         ' discrete-time statistic
s on < 10 minutes threshold[] 
 []


Overfull \hbox (42.4455pt too wide) in paragraph at lines 1839--1839
[]\OT1/cmtt/m/n/9 Dim Period As Double                ' period for which arriva
l rate stays constant[] 
 []

[30] [31] [32] [33]

LaTeX Warning: Reference `ch:input' on page 34 undefined on input line 1872.


Overfull \hbox (28.27066pt too wide) in paragraph at lines 1919--1919
[]        \OT1/cmtt/m/n/9 Call Schedule("Arrival", NSPP_Fax(ARate, MaxRate, NPe
riods, Period, 1))[] 
 []

[34

] [35]
Overfull \hbox (28.27066pt too wide) in paragraph at lines 2004--2004
[]        \OT1/cmtt/m/n/9 Call Schedule("Arrival", NSPP_Fax(ARate, MaxRate, NPe
riods, Period, 1))[] 
 []


Overfull \hbox (32.9956pt too wide) in paragraph at lines 2004--2004
[]        \OT1/cmtt/m/n/9 Call SchedulePlus("EndOfEntry", Normal(MeanRegular, V
arRegular, 2), Fax)[] 
 []


Overfull \hbox (47.17044pt too wide) in paragraph at lines 2046--2046
[]    \OT1/cmtt/m/n/9 If SpecialQ.NumQueue > 0 And Specialists.NumberOfUnits >=
 Specialists.Busy Then[] 
 []

[36

] [37] [38] [39

] [40]
Overfull \hbox (86.3453pt too wide) in paragraph at lines 2229--2229
 [][]\OT1/cmtt/m/n/9 Private Function NSPP_Fax(ARate() As Double, MaxRate As Do
uble, NPeriods As Integer, _[] 
 []


Overfull \hbox (57.99564pt too wide) in paragraph at lines 2229--2229
 []\OT1/cmtt/m/n/9 ' This function generates interarrival times from a NSPP wit
h piecewise constant[] 
 []

[41]
Overfull \hbox (0.5714pt too wide) in paragraph at lines 2232--2239
[][]\OT1/cmr/m/n/10 Beginning with the event-based $\OML/cmm/m/it/10 M=G=\OT1/c
mr/m/n/10 1$ sim-u-la-tion, im-ple-ment the changes
 []

[42] [43] (./VBASim.aux)

LaTeX Warning: There were undefined references.

 ) 
Here is how much of TeX's memory you used:
 825 strings out of 95375
 9503 string characters out of 1187510
 1051774 words of memory out of 2500000
 3838 multiletter control sequences out of 10000+50000
 10457 words of font info for 37 fonts, out of 1000000 for 2000
 14 hyphenation exceptions out of 8191
 25i,9n,20p,201b,459s stack positions out of 5000i,500n,1000p,200000b,5000s
 0 PDF objects out of 300000
 0 named destinations out of 131072
 1 words of extra memory for PDF output out of 65536

Output written on VBASim.dvi (43 pages, 118368 bytes).
